L 03/27/2018 - 00:04:01: SourceMod log file session started (file "L20180327.log") (Version "1.8.0.6041")
L 03/27/2018 - 00:04:01: Log file closed.
L 03/27/2018 - 00:04:09: SourceMod log file session started (file "L20180327.log") (Version "1.8.0.6041")
L 03/27/2018 - 00:04:09: -------- Mapchange to ministry_coop --------
L 03/27/2018 - 00:04:09: [simplewelcomemsg.smx] Set the maximum number of lines for Insurgency mod.
L 03/27/2018 - 00:07:31: Log file closed.
L 03/27/2018 - 00:07:39: SourceMod log file session started (file "L20180327.log") (Version "1.8.0.6041")
L 03/27/2018 - 00:07:39: -------- Mapchange to ministry_coop --------
L 03/27/2018 - 00:07:39: [simplewelcomemsg.smx] Set the maximum number of lines for Insurgency mod.
L 03/27/2018 - 00:12:06: Log file closed.
L 03/27/2018 - 00:12:14: SourceMod log file session started (file "L20180327.log") (Version "1.8.0.6041")
L 03/27/2018 - 00:12:14: -------- Mapchange to ministry_coop --------
L 03/27/2018 - 00:12:14: [simplewelcomemsg.smx] Set the maximum number of lines for Insurgency mod.
L 03/27/2018 - 00:17:51: [basecommands.smx] "freebabo28<2><STEAM_1:1:212710352><>" console command (cmdline "sv_thirdperson 1")
L 03/27/2018 - 00:18:56: [basecommands.smx] "freebabo28<2><STEAM_1:1:212710352><>" console command (cmdline "sv_thirdperson_aimangle 180")
L 03/27/2018 - 00:19:40: [basecommands.smx] "freebabo28<2><STEAM_1:1:212710352><>" console command (cmdline "sv_thirdperson_aimdist 10000")
L 03/27/2018 - 00:19:53: [basecommands.smx] "freebabo28<2><STEAM_1:1:212710352><>" console command (cmdline "sv_thirdperson_aimdist 10")
L 03/27/2018 - 00:19:59: [basecommands.smx] "freebabo28<2><STEAM_1:1:212710352><>" console command (cmdline "sv_thirdperson_aimdist 500")
L 03/27/2018 - 00:20:02: [basecommands.smx] "freebabo28<2><STEAM_1:1:212710352><>" console command (cmdline "sv_thirdperson_aimdist 10000")
L 03/27/2018 - 00:20:09: [basecommands.smx] "freebabo28<2><STEAM_1:1:212710352><>" console command (cmdline "sv_thirdperson_aimdist 1")
L 03/27/2018 - 00:20:17: [basecommands.smx] "freebabo28<2><STEAM_1:1:212710352><>" console command (cmdline "sv_thirdperson_aimdist -100")
L 03/27/2018 - 00:20:20: [basecommands.smx] "freebabo28<2><STEAM_1:1:212710352><>" console command (cmdline "sv_thirdperson_aimdist 0")
L 03/27/2018 - 00:20:24: [basecommands.smx] "freebabo28<2><STEAM_1:1:212710352><>" console command (cmdline "sv_thirdperson_aimdist 10000")
L 03/27/2018 - 00:20:32: [basecommands.smx] "freebabo28<2><STEAM_1:1:212710352><>" console command (cmdline "sv_thirdperson_aimdist 1000")
L 03/27/2018 - 00:20:53: [basecommands.smx] "freebabo28<2><STEAM_1:1:212710352><>" console command (cmdline "sv_thirdperson_aimangle 0")
L 03/27/2018 - 00:21:04: [basecommands.smx] "freebabo28<2><STEAM_1:1:212710352><>" console command (cmdline "sv_thirdperson_aimangle 180")
L 03/27/2018 - 00:21:09: [basecommands.smx] "freebabo28<2><STEAM_1:1:212710352><>" console command (cmdline "sv_thirdperson_aimangle 0")
L 03/27/2018 - 00:21:13: [basecommands.smx] "freebabo28<2><STEAM_1:1:212710352><>" console command (cmdline "sv_thirdperson_aimangle 45")
L 03/27/2018 - 00:21:25: [basecommands.smx] "freebabo28<2><STEAM_1:1:212710352><>" console command (cmdline "sv_thirdperson_aimangle 180")
L 03/27/2018 - 00:21:31: [basecommands.smx] "freebabo28<2><STEAM_1:1:212710352><>" console command (cmdline "sv_thirdperson_aimangle 15")
L 03/27/2018 - 00:22:03: [basecommands.smx] "freebabo28<2><STEAM_1:1:212710352><>" console command (cmdline "sv_thirdperson_fov 90")
L 03/27/2018 - 00:22:10: [basecommands.smx] "freebabo28<2><STEAM_1:1:212710352><>" console command (cmdline "sv_thirdperson_fov 65")
L 03/27/2018 - 00:22:41: [basecommands.smx] "freebabo28<2><STEAM_1:1:212710352><>" console command (cmdline "sv_thirdperson_useangle 90")
L 03/27/2018 - 00:23:13: [basecommands.smx] "freebabo28<2><STEAM_1:1:212710352><>" console command (cmdline "sv_thirdperson_height 35")
L 03/27/2018 - 00:23:17: [basecommands.smx] "freebabo28<2><STEAM_1:1:212710352><>" console command (cmdline "sv_thirdperson_height 0")
L 03/27/2018 - 00:23:28: [basecommands.smx] "freebabo28<2><STEAM_1:1:212710352><>" console command (cmdline "sv_thirdperson_height 20")
L 03/27/2018 - 00:27:27: [basecommands.smx] "freebabo28<2><STEAM_1:1:212710352><>" console command (cmdline "prop_crosshair")
L 03/27/2018 - 00:27:39: [basecommands.smx] "freebabo28<2><STEAM_1:1:212710352><>" console command (cmdline "sv_cheats 1")
L 03/27/2018 - 00:27:40: [basecommands.smx] "freebabo28<2><STEAM_1:1:212710352><>" console command (cmdline "prop_crosshair")
L 03/27/2018 - 00:28:19: [basecommands.smx] "freebabo28<2><STEAM_1:1:212710352><>" console command (cmdline "prop_crosshair")
L 03/27/2018 - 00:28:22: [basecommands.smx] "freebabo28<2><STEAM_1:1:212710352><>" console command (cmdline "prop_crosshair")
L 03/27/2018 - 00:28:22: [basecommands.smx] "freebabo28<2><STEAM_1:1:212710352><>" console command (cmdline "prop_crosshair")
L 03/27/2018 - 00:28:22: [basecommands.smx] "freebabo28<2><STEAM_1:1:212710352><>" console command (cmdline "prop_crosshair")
L 03/27/2018 - 00:28:23: [basecommands.smx] "freebabo28<2><STEAM_1:1:212710352><>" console command (cmdline "prop_crosshair")
L 03/27/2018 - 00:28:23: [basecommands.smx] "freebabo28<2><STEAM_1:1:212710352><>" console command (cmdline "prop_crosshair")
L 03/27/2018 - 00:28:56: [basecommands.smx] "freebabo28<2><STEAM_1:1:212710352><>" console command (cmdline "mp_autocrosshair  0")
L 03/27/2018 - 00:35:13: [basecommands.smx] "freebabo28<2><STEAM_1:1:212710352><>" console command (cmdline "ent_autoaim")
L 03/27/2018 - 00:37:27: Log file closed.
