L 03/24/2018 - 14:06:05: SourceMod log file session started (file "L20180324.log") (Version "1.8.0.6041")
L 03/24/2018 - 14:06:05: -------- Mapchange to ministry --------
L 03/24/2018 - 14:06:05: [simplewelcomemsg.smx] Set the maximum number of lines for Insurgency mod.
L 03/24/2018 - 14:15:57: SourceMod log file session started (file "L20180324.log") (Version "1.8.0.6041")
L 03/24/2018 - 14:15:57: -------- Mapchange to ministry_coop --------
L 03/24/2018 - 14:15:57: [simplewelcomemsg.smx] Set the maximum number of lines for Insurgency mod.
L 03/24/2018 - 14:18:07: Log file closed.
L 03/24/2018 - 14:28:05: SourceMod log file session started (file "L20180324.log") (Version "1.8.0.6041")
L 03/24/2018 - 14:28:05: -------- Mapchange to ministry_coop --------
L 03/24/2018 - 14:28:05: [simplewelcomemsg.smx] Set the maximum number of lines for Insurgency mod.
L 03/24/2018 - 14:37:53: Log file closed.
L 03/24/2018 - 14:38:01: SourceMod log file session started (file "L20180324.log") (Version "1.8.0.6041")
L 03/24/2018 - 14:38:01: -------- Mapchange to ministry_coop --------
L 03/24/2018 - 14:38:01: [simplewelcomemsg.smx] Set the maximum number of lines for Insurgency mod.
L 03/24/2018 - 14:47:22: [basecommands.smx] "freebabo28<2><STEAM_1:1:212710352><>" console command (cmdline "sm plugin")
L 03/24/2018 - 14:47:29: [basecommands.smx] "freebabo28<2><STEAM_1:1:212710352><>" console command (cmdline "sm plugins")
L 03/24/2018 - 14:47:32: [basecommands.smx] "freebabo28<2><STEAM_1:1:212710352><>" console command (cmdline "sm plugins list")
L 03/24/2018 - 14:47:57: [basecommands.smx] "freebabo28<2><STEAM_1:1:212710352><>" console command (cmdline "sm plugins reload 14")
L 03/24/2018 - 14:47:57: [simplewelcomemsg.smx] Set the maximum number of lines for Insurgency mod.
L 03/24/2018 - 14:54:55: [basecommands.smx] "freebabo28<26><STEAM_1:1:212710352><>" console command (cmdline "sm plugins reload 14")
L 03/24/2018 - 14:54:55: [simplewelcomemsg.smx] Set the maximum number of lines for Insurgency mod.
L 03/24/2018 - 14:54:57: [basecommands.smx] "freebabo28<26><STEAM_1:1:212710352><>" console command (cmdline "sm plugins reload 14")
L 03/24/2018 - 14:54:57: [simplewelcomemsg.smx] Set the maximum number of lines for Insurgency mod.
L 03/24/2018 - 14:54:57: [basecommands.smx] "freebabo28<26><STEAM_1:1:212710352><>" console command (cmdline "sm plugins reload 14")
L 03/24/2018 - 14:54:57: [simplewelcomemsg.smx] Set the maximum number of lines for Insurgency mod.
L 03/24/2018 - 14:54:58: [basecommands.smx] "freebabo28<26><STEAM_1:1:212710352><>" console command (cmdline "sm plugins reload 14")
L 03/24/2018 - 14:54:58: [simplewelcomemsg.smx] Set the maximum number of lines for Insurgency mod.
L 03/24/2018 - 14:54:58: [basecommands.smx] "freebabo28<26><STEAM_1:1:212710352><>" console command (cmdline "sm plugins reload 14")
L 03/24/2018 - 14:54:58: [simplewelcomemsg.smx] Set the maximum number of lines for Insurgency mod.
L 03/24/2018 - 14:54:58: [basecommands.smx] "freebabo28<26><STEAM_1:1:212710352><>" console command (cmdline "sm plugins reload 14")
L 03/24/2018 - 14:54:58: [simplewelcomemsg.smx] Set the maximum number of lines for Insurgency mod.
L 03/24/2018 - 14:54:58: [basecommands.smx] "freebabo28<26><STEAM_1:1:212710352><>" console command (cmdline "sm plugins reload 14")
L 03/24/2018 - 14:54:58: [simplewelcomemsg.smx] Set the maximum number of lines for Insurgency mod.
L 03/24/2018 - 14:54:58: [basecommands.smx] "freebabo28<26><STEAM_1:1:212710352><>" console command (cmdline "sm plugins reload 14")
L 03/24/2018 - 14:54:58: [simplewelcomemsg.smx] Set the maximum number of lines for Insurgency mod.
L 03/24/2018 - 14:54:58: [basecommands.smx] "freebabo28<26><STEAM_1:1:212710352><>" console command (cmdline "sm plugins reload 14")
L 03/24/2018 - 14:54:58: [simplewelcomemsg.smx] Set the maximum number of lines for Insurgency mod.
L 03/24/2018 - 14:54:58: [basecommands.smx] "freebabo28<26><STEAM_1:1:212710352><>" console command (cmdline "sm plugins reload 14")
L 03/24/2018 - 14:54:58: [simplewelcomemsg.smx] Set the maximum number of lines for Insurgency mod.
L 03/24/2018 - 14:54:59: [basecommands.smx] "freebabo28<26><STEAM_1:1:212710352><>" console command (cmdline "sm plugins reload 14")
L 03/24/2018 - 14:54:59: [simplewelcomemsg.smx] Set the maximum number of lines for Insurgency mod.
L 03/24/2018 - 14:54:59: [basecommands.smx] "freebabo28<26><STEAM_1:1:212710352><>" console command (cmdline "sm plugins reload 14")
L 03/24/2018 - 14:54:59: [simplewelcomemsg.smx] Set the maximum number of lines for Insurgency mod.
L 03/24/2018 - 14:54:59: [basecommands.smx] "freebabo28<26><STEAM_1:1:212710352><>" console command (cmdline "sm plugins reload 14")
L 03/24/2018 - 14:54:59: [simplewelcomemsg.smx] Set the maximum number of lines for Insurgency mod.
L 03/24/2018 - 14:54:59: [basecommands.smx] "freebabo28<26><STEAM_1:1:212710352><>" console command (cmdline "sm plugins reload 14")
L 03/24/2018 - 14:54:59: [simplewelcomemsg.smx] Set the maximum number of lines for Insurgency mod.
L 03/24/2018 - 14:54:59: [basecommands.smx] "freebabo28<26><STEAM_1:1:212710352><>" console command (cmdline "sm plugins reload 14")
L 03/24/2018 - 14:54:59: [simplewelcomemsg.smx] Set the maximum number of lines for Insurgency mod.
L 03/24/2018 - 14:55:00: [basecommands.smx] "freebabo28<26><STEAM_1:1:212710352><>" console command (cmdline "sm plugins reload 14")
L 03/24/2018 - 14:55:00: [simplewelcomemsg.smx] Set the maximum number of lines for Insurgency mod.
L 03/24/2018 - 14:55:00: [basecommands.smx] "freebabo28<26><STEAM_1:1:212710352><>" console command (cmdline "sm plugins reload 14")
L 03/24/2018 - 14:55:00: [simplewelcomemsg.smx] Set the maximum number of lines for Insurgency mod.
L 03/24/2018 - 14:55:01: [basecommands.smx] "freebabo28<26><STEAM_1:1:212710352><>" console command (cmdline "sm plugins reload 14")
L 03/24/2018 - 14:55:01: [simplewelcomemsg.smx] Set the maximum number of lines for Insurgency mod.
L 03/24/2018 - 14:55:48: [basecommands.smx] "freebabo28<26><STEAM_1:1:212710352><>" console command (cmdline "sm plugins ")
L 03/24/2018 - 14:55:53: [basecommands.smx] "freebabo28<26><STEAM_1:1:212710352><>" console command (cmdline "sm plugins list")
L 03/24/2018 - 14:56:05: [basecommands.smx] "freebabo28<26><STEAM_1:1:212710352><>" console command (cmdline "sm plugins info 14")
L 03/24/2018 - 14:56:19: [basecommands.smx] "freebabo28<26><STEAM_1:1:212710352><>" console command (cmdline "sm plugins info 17")
L 03/24/2018 - 14:56:27: [basecommands.smx] "freebabo28<26><STEAM_1:1:212710352><>" console command (cmdline "sm plugins info 3")
L 03/24/2018 - 14:56:29: [basecommands.smx] "freebabo28<26><STEAM_1:1:212710352><>" console command (cmdline "sm plugins ")
L 03/24/2018 - 14:56:43: [basecommands.smx] "freebabo28<26><STEAM_1:1:212710352><>" console command (cmdline "sm plugins refresh")
L 03/24/2018 - 14:56:51: [basecommands.smx] "freebabo28<26><STEAM_1:1:212710352><>" console command (cmdline "sm plugins")
L 03/24/2018 - 14:57:01: [basecommands.smx] "freebabo28<26><STEAM_1:1:212710352><>" console command (cmdline "sm ")
L 03/24/2018 - 14:57:07: [basecommands.smx] "freebabo28<26><STEAM_1:1:212710352><>" console command (cmdline "sm cmds")
L 03/24/2018 - 14:57:17: [basecommands.smx] "freebabo28<26><STEAM_1:1:212710352><>" console command (cmdline "sm cmds 14")
L 03/24/2018 - 14:57:22: [basecommands.smx] "freebabo28<26><STEAM_1:1:212710352><>" console command (cmdline "sm cmds 2")
L 03/24/2018 - 14:57:27: [basecommands.smx] "freebabo28<26><STEAM_1:1:212710352><>" console command (cmdline "sm cmds 1")
L 03/24/2018 - 14:57:33: [basecommands.smx] "freebabo28<26><STEAM_1:1:212710352><>" console command (cmdline "sm cmds 2")
L 03/24/2018 - 14:57:35: [basecommands.smx] "freebabo28<26><STEAM_1:1:212710352><>" console command (cmdline "sm cmds 3")
L 03/24/2018 - 14:57:39: [basecommands.smx] "freebabo28<26><STEAM_1:1:212710352><>" console command (cmdline "sm cmds 4")
L 03/24/2018 - 14:57:44: [basecommands.smx] "freebabo28<26><STEAM_1:1:212710352><>" console command (cmdline "sm cmds 5")
L 03/24/2018 - 14:57:48: [basecommands.smx] "freebabo28<26><STEAM_1:1:212710352><>" console command (cmdline "sm cmds 6")
L 03/24/2018 - 14:58:04: [basecommands.smx] "freebabo28<26><STEAM_1:1:212710352><>" console command (cmdline "sm cmds 7")
L 03/24/2018 - 14:58:10: [basecommands.smx] "freebabo28<26><STEAM_1:1:212710352><>" console command (cmdline "sm cmds 8")
L 03/24/2018 - 14:58:17: [basecommands.smx] "freebabo28<26><STEAM_1:1:212710352><>" console command (cmdline "sm cmds 9")
L 03/24/2018 - 14:58:20: [basecommands.smx] "freebabo28<26><STEAM_1:1:212710352><>" console command (cmdline "sm cmds 10")
L 03/24/2018 - 14:58:22: [basecommands.smx] "freebabo28<26><STEAM_1:1:212710352><>" console command (cmdline "sm cmds 11")
L 03/24/2018 - 14:58:25: [basecommands.smx] "freebabo28<26><STEAM_1:1:212710352><>" console command (cmdline "sm cmds 12")
L 03/24/2018 - 14:58:27: [basecommands.smx] "freebabo28<26><STEAM_1:1:212710352><>" console command (cmdline "sm cmds 13")
L 03/24/2018 - 14:59:29: [basecommands.smx] "freebabo28<26><STEAM_1:1:212710352><>" console command (cmdline "sm cmds 14")
L 03/24/2018 - 15:02:16: [basecommands.smx] "freebabo28<26><STEAM_1:1:212710352><>" console command (cmdline "sm cvars")
L 03/24/2018 - 15:02:20: [basecommands.smx] "freebabo28<26><STEAM_1:1:212710352><>" console command (cmdline "sm cvars 14")
L 03/24/2018 - 15:04:25: Log file closed.
L 03/24/2018 - 18:36:04: SourceMod log file session started (file "L20180324.log") (Version "1.8.0.6041")
L 03/24/2018 - 18:36:04: -------- Mapchange to ministry_coop --------
L 03/24/2018 - 18:36:04: [simplewelcomemsg.smx] Set the maximum number of lines for Insurgency mod.
L 03/24/2018 - 18:37:53: [basecommands.smx] "Console<0><Console><Console>" console command (cmdline "sm plugins ")
L 03/24/2018 - 18:38:08: [basecommands.smx] "Console<0><Console><Console>" console command (cmdline "sm plugins list")
L 03/24/2018 - 18:39:14: Log file closed.
