L 03/26/2018 - 19:19:54: SourceMod log file session started (file "L20180326.log") (Version "1.8.0.6041")
L 03/26/2018 - 19:19:54: -------- Mapchange to ministry_coop --------
L 03/26/2018 - 19:19:54: [simplewelcomemsg.smx] Set the maximum number of lines for Insurgency mod.
L 03/26/2018 - 20:15:13: -------- Mapchange to revolt_coop --------
L 03/26/2018 - 21:10:04: -------- Mapchange to siege_coop --------
L 03/26/2018 - 22:04:48: -------- Mapchange to sinjar_coop --------
L 03/26/2018 - 22:59:39: -------- Mapchange to tell_coop --------
L 03/26/2018 - 23:40:25: Log file closed.
L 03/26/2018 - 23:40:37: SourceMod log file session started (file "L20180326.log") (Version "1.8.0.6041")
L 03/26/2018 - 23:40:37: -------- Mapchange to ministry_coop --------
L 03/26/2018 - 23:40:37: [simplewelcomemsg.smx] Set the maximum number of lines for Insurgency mod.
L 03/26/2018 - 23:47:32: Log file closed.
L 03/26/2018 - 23:47:40: SourceMod log file session started (file "L20180326.log") (Version "1.8.0.6041")
L 03/26/2018 - 23:47:40: -------- Mapchange to ministry_coop --------
L 03/26/2018 - 23:47:40: [simplewelcomemsg.smx] Set the maximum number of lines for Insurgency mod.
L 03/26/2018 - 23:50:37: Log file closed.
L 03/26/2018 - 23:50:45: SourceMod log file session started (file "L20180326.log") (Version "1.8.0.6041")
L 03/26/2018 - 23:50:45: -------- Mapchange to ministry_coop --------
L 03/26/2018 - 23:50:45: [simplewelcomemsg.smx] Set the maximum number of lines for Insurgency mod.
L 03/26/2018 - 23:51:42: Log file closed.
L 03/26/2018 - 23:51:51: SourceMod log file session started (file "L20180326.log") (Version "1.8.0.6041")
L 03/26/2018 - 23:51:51: -------- Mapchange to ministry_coop --------
L 03/26/2018 - 23:51:51: [simplewelcomemsg.smx] Set the maximum number of lines for Insurgency mod.
L 03/26/2018 - 23:53:53: Log file closed.
L 03/26/2018 - 23:54:01: SourceMod log file session started (file "L20180326.log") (Version "1.8.0.6041")
L 03/26/2018 - 23:54:01: -------- Mapchange to ministry_coop --------
L 03/26/2018 - 23:54:01: [simplewelcomemsg.smx] Set the maximum number of lines for Insurgency mod.
L 03/26/2018 - 23:56:17: Log file closed.
L 03/26/2018 - 23:56:25: SourceMod log file session started (file "L20180326.log") (Version "1.8.0.6041")
L 03/26/2018 - 23:56:25: -------- Mapchange to ministry_coop --------
L 03/26/2018 - 23:56:25: [simplewelcomemsg.smx] Set the maximum number of lines for Insurgency mod.
L 03/26/2018 - 23:58:23: Log file closed.
L 03/26/2018 - 23:58:30: SourceMod log file session started (file "L20180326.log") (Version "1.8.0.6041")
L 03/26/2018 - 23:58:30: -------- Mapchange to ministry_coop --------
L 03/26/2018 - 23:58:30: [simplewelcomemsg.smx] Set the maximum number of lines for Insurgency mod.
